c:\visual basic\final project - oo\final mfc 7\ourproject\ourproject\debug\ourproject.pch
c:\visual basic\final project - oo\final mfc 7\ourproject\ourproject\debug\vc142.pdb
c:\visual basic\final project - oo\final mfc 7\ourproject\ourproject\debug\vc142.idb
c:\visual basic\final project - oo\final mfc 7\ourproject\ourproject\debug\pch.obj
c:\visual basic\final project - oo\final mfc 7\ourproject\ourproject\debug\stdafx.obj
c:\visual basic\final project - oo\final mfc 7\ourproject\ourproject\debug\shapetriangle.obj
c:\visual basic\final project - oo\final mfc 7\ourproject\ourproject\debug\shaperectangle.obj
c:\visual basic\final project - oo\final mfc 7\ourproject\ourproject\debug\shapeline.obj
c:\visual basic\final project - oo\final mfc 7\ourproject\ourproject\debug\shapediamond.obj
c:\visual basic\final project - oo\final mfc 7\ourproject\ourproject\debug\shapedavidstar.obj
c:\visual basic\final project - oo\final mfc 7\ourproject\ourproject\debug\shapecircle.obj
c:\visual basic\final project - oo\final mfc 7\ourproject\ourproject\debug\ourprojectdlg.obj
c:\visual basic\final project - oo\final mfc 7\ourproject\ourproject\debug\ourproject.obj
c:\visual basic\final project - oo\final mfc 7\ourproject\ourproject\debug\baseshape.obj
c:\visual basic\final project - oo\final mfc 7\ourproject\debug\ourproject.ilk
c:\visual basic\final project - oo\final mfc 7\ourproject\debug\ourproject.exe
c:\visual basic\final project - oo\final mfc 7\ourproject\debug\ourproject.pdb
c:\visual basic\final project - oo\final mfc 7\ourproject\ourproject\debug\ourproject.res
c:\visual basic\final project - oo\final mfc 7\ourproject\ourproject\debug\ourproject.tlog\cl.command.1.tlog
c:\visual basic\final project - oo\final mfc 7\ourproject\ourproject\debug\ourproject.tlog\cl.read.1.tlog
c:\visual basic\final project - oo\final mfc 7\ourproject\ourproject\debug\ourproject.tlog\cl.write.1.tlog
c:\visual basic\final project - oo\final mfc 7\ourproject\ourproject\debug\ourproject.tlog\link.command.1.tlog
c:\visual basic\final project - oo\final mfc 7\ourproject\ourproject\debug\ourproject.tlog\link.read.1.tlog
c:\visual basic\final project - oo\final mfc 7\ourproject\ourproject\debug\ourproject.tlog\link.write.1.tlog
c:\visual basic\final project - oo\final mfc 7\ourproject\ourproject\debug\ourproject.tlog\rc.command.1.tlog
c:\visual basic\final project - oo\final mfc 7\ourproject\ourproject\debug\ourproject.tlog\rc.read.1.tlog
c:\visual basic\final project - oo\final mfc 7\ourproject\ourproject\debug\ourproject.tlog\rc.write.1.tlog
